Using pre-set license
Built from '2020.3/staging' branch; Version is '2020.3.0f1 (c7b5465681fb) revision 13088070'; Using compiler version '192528614'; Build Type 'Release'
OS: 'Windows 10 Pro; OS build 19041.928; Version 2004; 64bit' Language: 'en' Physical Memory: 20437 MB
BatchMode: 1, IsHumanControllingUs: 0, StartBugReporterOnCrash: 0, Is64bit: 1, IsPro: 0

 COMMAND LINE ARGUMENTS:
C:\Program Files\Unity\Unity2020.3.0f1\Editor\Unity.exe
-adb2
-batchMode
-noUpm
-name
AssetImportWorker0
-projectPath
C:/1-Downloads/1-ProgrammingFiles/MyUnity/MLAPI Network/MLAPI_Base/MLAPI_Base
-logFile
Logs/AssetImportWorker0.log
-srvPort
65063
Successfully changed project path to: C:/1-Downloads/1-ProgrammingFiles/MyUnity/MLAPI Network/MLAPI_Base/MLAPI_Base
C:/1-Downloads/1-ProgrammingFiles/MyUnity/MLAPI Network/MLAPI_Base/MLAPI_Base
Using Asset Import Pipeline V2.
Refreshing native plugins compatible for Editor in 28.26 ms, found 0 plugins.
Preloading 0 native plugins for Editor in 0.00 ms.
Initialize engine version: 2020.3.0f1 (c7b5465681fb)
[Subsystems] Discovering subsystems at path C:/Program Files/Unity/Unity2020.3.0f1/Editor/Data/Resources/UnitySubsystems
[Subsystems] Discovering subsystems at path C:/1-Downloads/1-ProgrammingFiles/MyUnity/MLAPI Network/MLAPI_Base/MLAPI_Base/Assets
GfxDevice: creating device client; threaded=0
Direct3D:
    Version:  Direct3D 11.0 [level 11.1]
    Renderer: NVIDIA GeForce GTX 1650 (ID=0x1f82)
    Vendor:   
    VRAM:     3962 MB
    Driver:   27.21.14.5671
Initialize mono
Mono path[0] = 'C:/Program Files/Unity/Unity2020.3.0f1/Editor/Data/Managed'
Mono path[1] = 'C:/Program Files/Unity/Unity2020.3.0f1/Editor/Data/MonoBleedingEdge/lib/mono/unityjit'
Mono config path = 'C:/Program Files/Unity/Unity2020.3.0f1/Editor/Data/MonoBleedingEdge/etc'
Using monoOptions --debugger-agent=transport=dt_socket,embedding=1,server=y,suspend=n,address=127.0.0.1:56584
Begin MonoManager ReloadAssembly
Registering precompiled unity dll's ...
Register platform support module: C:/Program Files/Unity/Unity2020.3.0f1/Editor/Data/PlaybackEngines/WindowsStandaloneSupport/UnityEditor.WindowsStandalone.Extensions.dll
Registered in 0.002098 seconds.
Native extension for WindowsStandalone target not found
Refreshing native plugins compatible for Editor in 24.32 ms, found 0 plugins.
Preloading 0 native plugins for Editor in 0.00 ms.
Invoked RoslynAnalysisRunner static constructor.
RoslynAnalysisRunner will not be running.
RoslynAnalysisRunner has terminated.
Mono: successfully reloaded assembly
- Completed reload, in  1.174 seconds
Platform modules already initialized, skipping
Registering precompiled user dll's ...
Registered in 0.003454 seconds.
Begin MonoManager ReloadAssembly
Native extension for WindowsStandalone target not found
Refreshing native plugins compatible for Editor in 0.26 ms, found 0 plugins.
Preloading 0 native plugins for Editor in 0.00 ms.
Invoked RoslynAnalysisRunner static constructor.
RoslynAnalysisRunner will not be running.
RoslynAnalysisRunner has terminated.
Mono: successfully reloaded assembly
- Completed reload, in  1.039 seconds
Platform modules already initialized, skipping
========================================================================
Worker process is ready to serve import requests
Launched and connected shader compiler UnityShaderCompiler.exe after 0.05 seconds
Refreshing native plugins compatible for Editor in 0.26 ms, found 0 plugins.
Preloading 0 native plugins for Editor in 0.00 ms.
Unloading 762 Unused Serialized files (Serialized files now loaded: 0)
System memory in use before: 120.6 MB.
System memory in use after: 120.6 MB.

Unloading 13 unused Assets to reduce memory usage. Loaded Objects now: 1202.
Total: 1.959800 ms (FindLiveObjects: 0.096300 ms CreateObjectMapping: 0.028800 ms MarkObjects: 1.742700 ms  DeleteObjects: 0.090700 ms)

========================================================================
Received Import Request.
  path: Assets/Scenes/MainSettings.lighting
  artifactKey: Guid(3159b0384b884a745b4d3ae4a3b3efaf) Importer(815301076,1909f56bfc062723c751e8b465ee728b)
Start importing Assets/Scenes/MainSettings.lighting using Guid(3159b0384b884a745b4d3ae4a3b3efaf) Importer(815301076,1909f56bfc062723c751e8b465ee728b)  -> (artifact id: '09874991dd4aaab6eec4ad58dfef145b') in 0.044347 seconds
  Import took 0.046196 seconds .

========================================================================
Received Import Request.
  Time since last request: 26.487628 seconds.
  path: Packages/com.unity.ext.nunit/README.md
  artifactKey: Guid(5da62a0c1c5218c4aa16b74546a7822d) Importer(815301076,1909f56bfc062723c751e8b465ee728b)
Start importing Packages/com.unity.ext.nunit/README.md using Guid(5da62a0c1c5218c4aa16b74546a7822d) Importer(815301076,1909f56bfc062723c751e8b465ee728b)  -> (artifact id: 'bbf19c13b1c53e94b91c391f7511e3e9') in 0.019828 seconds
  Import took 0.021798 seconds .

========================================================================
Received Import Request.
  Time since last request: 88.428404 seconds.
  path: Assets/Scripts/GameManager.cs
  artifactKey: Guid(7af90c78f7b07b24f947c27fe134ef59) Importer(815301076,1909f56bfc062723c751e8b465ee728b)
Start importing Assets/Scripts/GameManager.cs using Guid(7af90c78f7b07b24f947c27fe134ef59) Importer(815301076,1909f56bfc062723c751e8b465ee728b)  -> (artifact id: 'cf469482ec9092a7dc8d9af157315e43') in 0.013302 seconds
  Import took 0.015086 seconds .

========================================================================
Received Import Request.
  Time since last request: 0.001507 seconds.
  path: Assets/Scripts/GameManager.cs
  artifactKey: Guid(7af90c78f7b07b24f947c27fe134ef59) Importer(815301076,1909f56bfc062723c751e8b465ee728b)
Start importing Assets/Scripts/GameManager.cs using Guid(7af90c78f7b07b24f947c27fe134ef59) Importer(815301076,1909f56bfc062723c751e8b465ee728b)  -> (artifact id: 'cf469482ec9092a7dc8d9af157315e43') in 0.002875 seconds
  Import took 0.004877 seconds .

========================================================================
Received Import Request.
  Time since last request: 340.937490 seconds.
  path: Assets/Scripts/GameManager.cs
  artifactKey: Guid(7af90c78f7b07b24f947c27fe134ef59) Importer(815301076,1909f56bfc062723c751e8b465ee728b)
Start importing Assets/Scripts/GameManager.cs using Guid(7af90c78f7b07b24f947c27fe134ef59) Importer(815301076,1909f56bfc062723c751e8b465ee728b)  -> (artifact id: '0cd62ed741e6ae75d2b7e722d221a386') in 0.004207 seconds
  Import took 0.008046 seconds .

========================================================================
Received Import Request.
  Time since last request: 6.823979 seconds.
  path: Assets/Scripts/Network/NetPlayer2.cs
  artifactKey: Guid(28ba6bdd3d88f9642971b0a38fcc68f1) Importer(815301076,1909f56bfc062723c751e8b465ee728b)
Start importing Assets/Scripts/Network/NetPlayer2.cs using Guid(28ba6bdd3d88f9642971b0a38fcc68f1) Importer(815301076,1909f56bfc062723c751e8b465ee728b)  -> (artifact id: 'ca60b2e7b7dd5f7b7e12bc51666e978c') in 0.011784 seconds
  Import took 0.015330 seconds .

========================================================================
Received Prepare
Registering precompiled user dll's ...
Registered in 0.003683 seconds.
Begin MonoManager ReloadAssembly
Native extension for WindowsStandalone target not found
Refreshing native plugins compatible for Editor in 0.30 ms, found 0 plugins.
Preloading 0 native plugins for Editor in 0.00 ms.
Invoked RoslynAnalysisRunner static constructor.
RoslynAnalysisRunner will not be running.
RoslynAnalysisRunner has terminated.
Mono: successfully reloaded assembly
- Completed reload, in  0.949 seconds
Platform modules already initialized, skipping
Refreshing native plugins compatible for Editor in 0.34 ms, found 0 plugins.
Preloading 0 native plugins for Editor in 0.00 ms.
Unloading 744 Unused Serialized files (Serialized files now loaded: 0)
System memory in use before: 119.5 MB.
System memory in use after: 119.5 MB.

Unloading 9 unused Assets to reduce memory usage. Loaded Objects now: 1205.
Total: 1.712600 ms (FindLiveObjects: 0.169300 ms CreateObjectMapping: 0.033200 ms MarkObjects: 1.477800 ms  DeleteObjects: 0.030400 ms)

========================================================================
Received Import Request.
  Time since last request: 220.319968 seconds.
  path: Assets/Scripts/Network/NetPlayer2.cs
  artifactKey: Guid(28ba6bdd3d88f9642971b0a38fcc68f1) Importer(815301076,1909f56bfc062723c751e8b465ee728b)
Start importing Assets/Scripts/Network/NetPlayer2.cs using Guid(28ba6bdd3d88f9642971b0a38fcc68f1) Importer(815301076,1909f56bfc062723c751e8b465ee728b)  -> (artifact id: 'f06dc597ef677748f3e5fe25f41425b8') in 0.005580 seconds
  Import took 0.009134 seconds .

========================================================================
Received Import Request.
  Time since last request: 77.353366 seconds.
  path: Assets/TextMesh Pro/Fonts/LiberationSans.ttf
  artifactKey: Guid(e3265ab4bf004d28a9537516768c1c75) Importer(815301076,1909f56bfc062723c751e8b465ee728b)
Start importing Assets/TextMesh Pro/Fonts/LiberationSans.ttf using Guid(e3265ab4bf004d28a9537516768c1c75) Importer(815301076,1909f56bfc062723c751e8b465ee728b)  -> (artifact id: '9c7ec6a2a790a7598f2701074f94f584') in 0.132501 seconds
  Import took 0.134835 seconds .

========================================================================
Received Import Request.
  Time since last request: 0.000278 seconds.
  path: Assets/TextMesh Pro/Resources/Fonts & Materials/LiberationSans SDF - Outline.mat
  artifactKey: Guid(79459efec17a4d00a321bdcc27bbc385) Importer(815301076,1909f56bfc062723c751e8b465ee728b)
Start importing Assets/TextMesh Pro/Resources/Fonts & Materials/LiberationSans SDF - Outline.mat using Guid(79459efec17a4d00a321bdcc27bbc385) Importer(815301076,1909f56bfc062723c751e8b465ee728b)  -> (artifact id: 'a9effe56a08cd2156f7af31e426d9ac1') in 0.051697 seconds
  Import took 0.053860 seconds .

========================================================================
Received Import Request.
  Time since last request: 0.000276 seconds.
  path: Assets/TextMesh Pro/Resources/Fonts & Materials/LiberationSans SDF - Fallback.asset
  artifactKey: Guid(2e498d1c8094910479dc3e1b768306a4) Importer(815301076,1909f56bfc062723c751e8b465ee728b)
Start importing Assets/TextMesh Pro/Resources/Fonts & Materials/LiberationSans SDF - Fallback.asset using Guid(2e498d1c8094910479dc3e1b768306a4) Importer(815301076,1909f56bfc062723c751e8b465ee728b)  -> (artifact id: 'ce7b026d7eb27ba79ec0f96f4fe45e1f') in 0.044937 seconds
  Import took 0.047161 seconds .

========================================================================
Received Import Request.
  Time since last request: 0.000246 seconds.
  path: Assets/TextMesh Pro/Fonts/LiberationSans.ttf
  artifactKey: Guid(e3265ab4bf004d28a9537516768c1c75) Importer(815301076,1909f56bfc062723c751e8b465ee728b)
Start importing Assets/TextMesh Pro/Fonts/LiberationSans.ttf using Guid(e3265ab4bf004d28a9537516768c1c75) Importer(815301076,1909f56bfc062723c751e8b465ee728b)  -> (artifact id: '9c7ec6a2a790a7598f2701074f94f584') in 0.012259 seconds
  Import took 0.014161 seconds .

========================================================================
Received Import Request.
  Time since last request: 0.000283 seconds.
  path: Assets/TextMesh Pro/Resources/Fonts & Materials/LiberationSans SDF - Drop Shadow.mat
  artifactKey: Guid(e73a58f6e2794ae7b1b7e50b7fb811b0) Importer(815301076,1909f56bfc062723c751e8b465ee728b)
Start importing Assets/TextMesh Pro/Resources/Fonts & Materials/LiberationSans SDF - Drop Shadow.mat using Guid(e73a58f6e2794ae7b1b7e50b7fb811b0) Importer(815301076,1909f56bfc062723c751e8b465ee728b)  -> (artifact id: 'c194066b5ddf713208b3818b9611a53a') in 0.035985 seconds
  Import took 0.037956 seconds .

========================================================================
Received Import Request.
  Time since last request: 0.000251 seconds.
  path: Assets/TextMesh Pro/Resources/Fonts & Materials/LiberationSans SDF.asset
  artifactKey: Guid(8f586378b4e144a9851e7b34d9b748ee) Importer(815301076,1909f56bfc062723c751e8b465ee728b)
Start importing Assets/TextMesh Pro/Resources/Fonts & Materials/LiberationSans SDF.asset using Guid(8f586378b4e144a9851e7b34d9b748ee) Importer(815301076,1909f56bfc062723c751e8b465ee728b)  -> (artifact id: '012442951c2af51cf6d0c4f6d14be546') in 0.051924 seconds
  Import took 0.054544 seconds .

========================================================================
Received Import Request.
  Time since last request: 0.003343 seconds.
  path: Assets/TextMesh Pro/Resources/Fonts & Materials/LiberationSans SDF.asset
  artifactKey: Guid(8f586378b4e144a9851e7b34d9b748ee) Importer(815301076,1909f56bfc062723c751e8b465ee728b)
Start importing Assets/TextMesh Pro/Resources/Fonts & Materials/LiberationSans SDF.asset using Guid(8f586378b4e144a9851e7b34d9b748ee) Importer(815301076,1909f56bfc062723c751e8b465ee728b)  -> (artifact id: '012442951c2af51cf6d0c4f6d14be546') in 0.044585 seconds
  Import took 0.047242 seconds .

========================================================================
Received Import Request.
  Time since last request: 131.239542 seconds.
  path: Assets/Resources/Prefabs/Player_Client.prefab
  artifactKey: Guid(c29fa6a18ec98674ab8c22b1d60ace69) Importer(815301076,1909f56bfc062723c751e8b465ee728b)
Start importing Assets/Resources/Prefabs/Player_Client.prefab using Guid(c29fa6a18ec98674ab8c22b1d60ace69) Importer(815301076,1909f56bfc062723c751e8b465ee728b)  -> (artifact id: 'ee0de7e9ad855c76d87f2da9cd00d111') in 0.022940 seconds
  Import took 0.026439 seconds .

========================================================================
Received Import Request.
  Time since last request: 4.781154 seconds.
  path: Assets/Resources/Prefabs/Player_Client.prefab
  artifactKey: Guid(c29fa6a18ec98674ab8c22b1d60ace69) Importer(815301076,1909f56bfc062723c751e8b465ee728b)
Start importing Assets/Resources/Prefabs/Player_Client.prefab using Guid(c29fa6a18ec98674ab8c22b1d60ace69) Importer(815301076,1909f56bfc062723c751e8b465ee728b)  -> (artifact id: 'a580a022db08872d70fdc213aba47144') in 0.027213 seconds
  Import took 0.030913 seconds .

========================================================================
Received Import Request.
  Time since last request: 4.396498 seconds.
  path: Assets/Resources/Prefabs/Player_Host.prefab
  artifactKey: Guid(9320e85428ee760479891368d8cfb817) Importer(815301076,1909f56bfc062723c751e8b465ee728b)
Start importing Assets/Resources/Prefabs/Player_Host.prefab using Guid(9320e85428ee760479891368d8cfb817) Importer(815301076,1909f56bfc062723c751e8b465ee728b)  -> (artifact id: '78a1cca1c3dc88868330b7e737775875') in 0.006895 seconds
  Import took 0.013000 seconds .

========================================================================
Received Import Request.
  Time since last request: 38.752641 seconds.
  path: Assets/Resources/Prefabs/Player_Host.prefab
  artifactKey: Guid(9320e85428ee760479891368d8cfb817) Importer(815301076,1909f56bfc062723c751e8b465ee728b)
Start importing Assets/Resources/Prefabs/Player_Host.prefab using Guid(9320e85428ee760479891368d8cfb817) Importer(815301076,1909f56bfc062723c751e8b465ee728b)  -> (artifact id: 'fd91c9029ce63cc4abb26dec4bd5632a') in 0.016099 seconds
  Import took 0.018696 seconds .

========================================================================
Received Import Request.
  Time since last request: 0.003421 seconds.
  path: Assets/Resources/Prefabs/Player_Host.prefab
  artifactKey: Guid(9320e85428ee760479891368d8cfb817) Importer(815301076,1909f56bfc062723c751e8b465ee728b)
Start importing Assets/Resources/Prefabs/Player_Host.prefab using Guid(9320e85428ee760479891368d8cfb817) Importer(815301076,1909f56bfc062723c751e8b465ee728b)  -> (artifact id: 'fd91c9029ce63cc4abb26dec4bd5632a') in 0.009919 seconds
  Import took 0.012160 seconds .

========================================================================
Received Prepare
Registering precompiled user dll's ...
Registered in 0.003345 seconds.
Begin MonoManager ReloadAssembly
Native extension for WindowsStandalone target not found
Refreshing native plugins compatible for Editor in 0.25 ms, found 0 plugins.
Preloading 0 native plugins for Editor in 0.00 ms.
Invoked RoslynAnalysisRunner static constructor.
RoslynAnalysisRunner will not be running.
RoslynAnalysisRunner has terminated.
Mono: successfully reloaded assembly
- Completed reload, in  0.960 seconds
Platform modules already initialized, skipping
Refreshing native plugins compatible for Editor in 0.29 ms, found 0 plugins.
Preloading 0 native plugins for Editor in 0.00 ms.
Unloading 744 Unused Serialized files (Serialized files now loaded: 0)
System memory in use before: 123.1 MB.
System memory in use after: 123.1 MB.

Unloading 10 unused Assets to reduce memory usage. Loaded Objects now: 1253.
Total: 1.669400 ms (FindLiveObjects: 0.107700 ms CreateObjectMapping: 0.029800 ms MarkObjects: 1.501400 ms  DeleteObjects: 0.029100 ms)

========================================================================
Received Prepare
Registering precompiled user dll's ...
Registered in 0.003247 seconds.
Begin MonoManager ReloadAssembly
Native extension for WindowsStandalone target not found
Refreshing native plugins compatible for Editor in 0.27 ms, found 0 plugins.
Preloading 0 native plugins for Editor in 0.00 ms.
Invoked RoslynAnalysisRunner static constructor.
RoslynAnalysisRunner will not be running.
RoslynAnalysisRunner has terminated.
Mono: successfully reloaded assembly
- Completed reload, in  1.330 seconds
Platform modules already initialized, skipping
Refreshing native plugins compatible for Editor in 0.28 ms, found 0 plugins.
Preloading 0 native plugins for Editor in 0.00 ms.
Unloading 756 Unused Serialized files (Serialized files now loaded: 0)
System memory in use before: 123.4 MB.
System memory in use after: 123.5 MB.

Unloading 9 unused Assets to reduce memory usage. Loaded Objects now: 1268.
Total: 2.177300 ms (FindLiveObjects: 0.134500 ms CreateObjectMapping: 0.030100 ms MarkObjects: 1.990000 ms  DeleteObjects: 0.020500 ms)

========================================================================
Received Prepare
Registering precompiled user dll's ...
Registered in 0.005259 seconds.
Begin MonoManager ReloadAssembly
Native extension for WindowsStandalone target not found
Refreshing native plugins compatible for Editor in 0.26 ms, found 0 plugins.
Preloading 0 native plugins for Editor in 0.00 ms.
Invoked RoslynAnalysisRunner static constructor.
RoslynAnalysisRunner will not be running.
RoslynAnalysisRunner has terminated.
Mono: successfully reloaded assembly
- Completed reload, in  0.988 seconds
Platform modules already initialized, skipping
Refreshing native plugins compatible for Editor in 0.26 ms, found 0 plugins.
Preloading 0 native plugins for Editor in 0.00 ms.
Unloading 756 Unused Serialized files (Serialized files now loaded: 0)
System memory in use before: 123.5 MB.
System memory in use after: 123.5 MB.

Unloading 9 unused Assets to reduce memory usage. Loaded Objects now: 1271.
Total: 1.695400 ms (FindLiveObjects: 0.125500 ms CreateObjectMapping: 0.030200 ms MarkObjects: 1.513400 ms  DeleteObjects: 0.024300 ms)

========================================================================
Received Prepare
Refreshing native plugins compatible for Editor in 2.13 ms, found 0 plugins.
Preloading 0 native plugins for Editor in 0.00 ms.
Unloading 8 Unused Serialized files (Serialized files now loaded: 0)
System memory in use before: 108.3 MB.
System memory in use after: 108.4 MB.

Unloading 7 unused Assets to reduce memory usage. Loaded Objects now: 1271.
Total: 1.820200 ms (FindLiveObjects: 0.220500 ms CreateObjectMapping: 0.039700 ms MarkObjects: 1.532100 ms  DeleteObjects: 0.025400 ms)

========================================================================
Received Prepare
Registering precompiled user dll's ...
Registered in 0.003525 seconds.
Begin MonoManager ReloadAssembly
Native extension for WindowsStandalone target not found
Refreshing native plugins compatible for Editor in 0.26 ms, found 0 plugins.
Preloading 0 native plugins for Editor in 0.00 ms.
Invoked RoslynAnalysisRunner static constructor.
RoslynAnalysisRunner will not be running.
RoslynAnalysisRunner has terminated.
Mono: successfully reloaded assembly
- Completed reload, in  0.978 seconds
Platform modules already initialized, skipping
Refreshing native plugins compatible for Editor in 0.30 ms, found 0 plugins.
Preloading 0 native plugins for Editor in 0.00 ms.
Unloading 756 Unused Serialized files (Serialized files now loaded: 0)
System memory in use before: 123.4 MB.
System memory in use after: 123.5 MB.

Unloading 9 unused Assets to reduce memory usage. Loaded Objects now: 1274.
Total: 1.902500 ms (FindLiveObjects: 0.200900 ms CreateObjectMapping: 0.051100 ms MarkObjects: 1.626800 ms  DeleteObjects: 0.022000 ms)

========================================================================
Received Prepare
Registering precompiled user dll's ...
Registered in 0.005697 seconds.
Begin MonoManager ReloadAssembly
Native extension for WindowsStandalone target not found
Refreshing native plugins compatible for Editor in 0.32 ms, found 0 plugins.
Preloading 0 native plugins for Editor in 0.00 ms.
Invoked RoslynAnalysisRunner static constructor.
RoslynAnalysisRunner will not be running.
RoslynAnalysisRunner has terminated.
Mono: successfully reloaded assembly
- Completed reload, in  1.080 seconds
Platform modules already initialized, skipping
Refreshing native plugins compatible for Editor in 0.28 ms, found 0 plugins.
Preloading 0 native plugins for Editor in 0.00 ms.
Unloading 756 Unused Serialized files (Serialized files now loaded: 0)
System memory in use before: 123.4 MB.
System memory in use after: 123.5 MB.

Unloading 9 unused Assets to reduce memory usage. Loaded Objects now: 1277.
Total: 1.739900 ms (FindLiveObjects: 0.160300 ms CreateObjectMapping: 0.039100 ms MarkObjects: 1.521100 ms  DeleteObjects: 0.017800 ms)

========================================================================
Received Prepare
Registering precompiled user dll's ...
Registered in 0.005388 seconds.
Begin MonoManager ReloadAssembly
Native extension for WindowsStandalone target not found
Refreshing native plugins compatible for Editor in 0.26 ms, found 0 plugins.
Preloading 0 native plugins for Editor in 0.00 ms.
Invoked RoslynAnalysisRunner static constructor.
RoslynAnalysisRunner will not be running.
RoslynAnalysisRunner has terminated.
Mono: successfully reloaded assembly
- Completed reload, in  0.980 seconds
Platform modules already initialized, skipping
Refreshing native plugins compatible for Editor in 0.26 ms, found 0 plugins.
Preloading 0 native plugins for Editor in 0.00 ms.
Unloading 756 Unused Serialized files (Serialized files now loaded: 0)
System memory in use before: 123.5 MB.
System memory in use after: 123.5 MB.

Unloading 9 unused Assets to reduce memory usage. Loaded Objects now: 1280.
Total: 2.314100 ms (FindLiveObjects: 0.202800 ms CreateObjectMapping: 0.038600 ms MarkObjects: 2.041600 ms  DeleteObjects: 0.021600 ms)

========================================================================
Received Prepare
Refreshing native plugins compatible for Editor in 2.15 ms, found 0 plugins.
Preloading 0 native plugins for Editor in 0.00 ms.
Unloading 8 Unused Serialized files (Serialized files now loaded: 0)
System memory in use before: 108.4 MB.
System memory in use after: 108.4 MB.

Unloading 7 unused Assets to reduce memory usage. Loaded Objects now: 1280.
Total: 2.486000 ms (FindLiveObjects: 0.177200 ms CreateObjectMapping: 0.030700 ms MarkObjects: 2.254600 ms  DeleteObjects: 0.021200 ms)

========================================================================
Received Prepare
Registering precompiled user dll's ...
Registered in 0.003322 seconds.
Begin MonoManager ReloadAssembly
Native extension for WindowsStandalone target not found
Refreshing native plugins compatible for Editor in 0.26 ms, found 0 plugins.
Preloading 0 native plugins for Editor in 0.00 ms.
Invoked RoslynAnalysisRunner static constructor.
RoslynAnalysisRunner will not be running.
RoslynAnalysisRunner has terminated.
Mono: successfully reloaded assembly
- Completed reload, in  0.990 seconds
Platform modules already initialized, skipping
Refreshing native plugins compatible for Editor in 0.27 ms, found 0 plugins.
Preloading 0 native plugins for Editor in 0.00 ms.
Unloading 756 Unused Serialized files (Serialized files now loaded: 0)
System memory in use before: 123.5 MB.
System memory in use after: 123.5 MB.

Unloading 9 unused Assets to reduce memory usage. Loaded Objects now: 1283.
Total: 1.778600 ms (FindLiveObjects: 0.188800 ms CreateObjectMapping: 0.039800 ms MarkObjects: 1.527800 ms  DeleteObjects: 0.020100 ms)

========================================================================
Received Prepare
Registering precompiled user dll's ...
Registered in 0.003388 seconds.
Begin MonoManager ReloadAssembly
Native extension for WindowsStandalone target not found
Refreshing native plugins compatible for Editor in 0.26 ms, found 0 plugins.
Preloading 0 native plugins for Editor in 0.00 ms.
Invoked RoslynAnalysisRunner static constructor.
RoslynAnalysisRunner will not be running.
RoslynAnalysisRunner has terminated.
Mono: successfully reloaded assembly
- Completed reload, in  0.955 seconds
Platform modules already initialized, skipping
Refreshing native plugins compatible for Editor in 0.26 ms, found 0 plugins.
Preloading 0 native plugins for Editor in 0.00 ms.
Unloading 756 Unused Serialized files (Serialized files now loaded: 0)
System memory in use before: 123.5 MB.
System memory in use after: 123.5 MB.

Unloading 9 unused Assets to reduce memory usage. Loaded Objects now: 1286.
Total: 1.701300 ms (FindLiveObjects: 0.124900 ms CreateObjectMapping: 0.030100 ms MarkObjects: 1.526900 ms  DeleteObjects: 0.017800 ms)

========================================================================
Received Prepare
Registering precompiled user dll's ...
Registered in 0.003680 seconds.
Begin MonoManager ReloadAssembly
Native extension for WindowsStandalone target not found
Refreshing native plugins compatible for Editor in 0.25 ms, found 0 plugins.
Preloading 0 native plugins for Editor in 0.00 ms.
Invoked RoslynAnalysisRunner static constructor.
RoslynAnalysisRunner will not be running.
RoslynAnalysisRunner has terminated.
Mono: successfully reloaded assembly
- Completed reload, in  0.935 seconds
Platform modules already initialized, skipping
Refreshing native plugins compatible for Editor in 0.33 ms, found 0 plugins.
Preloading 0 native plugins for Editor in 0.00 ms.
Unloading 756 Unused Serialized files (Serialized files now loaded: 0)
System memory in use before: 123.5 MB.
System memory in use after: 123.5 MB.

Unloading 9 unused Assets to reduce memory usage. Loaded Objects now: 1289.
Total: 2.041200 ms (FindLiveObjects: 0.222800 ms CreateObjectMapping: 0.048100 ms MarkObjects: 1.740700 ms  DeleteObjects: 0.027300 ms)

========================================================================
Received Prepare
Registering precompiled user dll's ...
Registered in 0.003370 seconds.
Begin MonoManager ReloadAssembly
Native extension for WindowsStandalone target not found
Refreshing native plugins compatible for Editor in 0.34 ms, found 0 plugins.
Preloading 0 native plugins for Editor in 0.00 ms.
Invoked RoslynAnalysisRunner static constructor.
RoslynAnalysisRunner will not be running.
RoslynAnalysisRunner has terminated.
Mono: successfully reloaded assembly
- Completed reload, in  1.106 seconds
Platform modules already initialized, skipping
Refreshing native plugins compatible for Editor in 0.34 ms, found 0 plugins.
Preloading 0 native plugins for Editor in 0.00 ms.
Unloading 756 Unused Serialized files (Serialized files now loaded: 0)
System memory in use before: 123.5 MB.
System memory in use after: 123.5 MB.

Unloading 9 unused Assets to reduce memory usage. Loaded Objects now: 1292.
Total: 1.702000 ms (FindLiveObjects: 0.136500 ms CreateObjectMapping: 0.029100 ms MarkObjects: 1.501200 ms  DeleteObjects: 0.026200 ms)

========================================================================
Received Prepare
Refreshing native plugins compatible for Editor in 2.03 ms, found 0 plugins.
Preloading 0 native plugins for Editor in 0.00 ms.
Unloading 8 Unused Serialized files (Serialized files now loaded: 0)
System memory in use before: 108.3 MB.
System memory in use after: 108.4 MB.

Unloading 7 unused Assets to reduce memory usage. Loaded Objects now: 1292.
Total: 2.481100 ms (FindLiveObjects: 0.202500 ms CreateObjectMapping: 0.042800 ms MarkObjects: 2.210500 ms  DeleteObjects: 0.023500 ms)

========================================================================
Received Prepare
Refreshing native plugins compatible for Editor in 2.04 ms, found 0 plugins.
Preloading 0 native plugins for Editor in 0.00 ms.
Unloading 8 Unused Serialized files (Serialized files now loaded: 0)
System memory in use before: 108.3 MB.
System memory in use after: 108.4 MB.

Unloading 7 unused Assets to reduce memory usage. Loaded Objects now: 1292.
Total: 1.781100 ms (FindLiveObjects: 0.220500 ms CreateObjectMapping: 0.035500 ms MarkObjects: 1.497500 ms  DeleteObjects: 0.025700 ms)

========================================================================
Received Prepare
Registering precompiled user dll's ...
Registered in 0.004351 seconds.
Begin MonoManager ReloadAssembly
Native extension for WindowsStandalone target not found
Refreshing native plugins compatible for Editor in 0.27 ms, found 0 plugins.
Preloading 0 native plugins for Editor in 0.00 ms.
Invoked RoslynAnalysisRunner static constructor.
RoslynAnalysisRunner will not be running.
RoslynAnalysisRunner has terminated.
Mono: successfully reloaded assembly
- Completed reload, in  0.996 seconds
Platform modules already initialized, skipping
Refreshing native plugins compatible for Editor in 0.26 ms, found 0 plugins.
Preloading 0 native plugins for Editor in 0.00 ms.
Unloading 756 Unused Serialized files (Serialized files now loaded: 0)
System memory in use before: 123.5 MB.
System memory in use after: 123.5 MB.

Unloading 9 unused Assets to reduce memory usage. Loaded Objects now: 1295.
Total: 2.357300 ms (FindLiveObjects: 0.204100 ms CreateObjectMapping: 0.042000 ms MarkObjects: 2.077200 ms  DeleteObjects: 0.032000 ms)

========================================================================
Received Prepare
Registering precompiled user dll's ...
Registered in 0.006374 seconds.
Begin MonoManager ReloadAssembly
Native extension for WindowsStandalone target not found
Refreshing native plugins compatible for Editor in 0.39 ms, found 0 plugins.
Preloading 0 native plugins for Editor in 0.00 ms.
Invoked RoslynAnalysisRunner static constructor.
RoslynAnalysisRunner will not be running.
RoslynAnalysisRunner has terminated.
Mono: successfully reloaded assembly
- Completed reload, in  1.641 seconds
Platform modules already initialized, skipping
Refreshing native plugins compatible for Editor in 0.40 ms, found 0 plugins.
Preloading 0 native plugins for Editor in 0.00 ms.
Unloading 756 Unused Serialized files (Serialized files now loaded: 0)
System memory in use before: 123.5 MB.
System memory in use after: 123.6 MB.

Unloading 9 unused Assets to reduce memory usage. Loaded Objects now: 1298.
Total: 1.943600 ms (FindLiveObjects: 0.165800 ms CreateObjectMapping: 0.037500 ms MarkObjects: 1.713500 ms  DeleteObjects: 0.025300 ms)

AssetImportWorkerClient::OnTransportError - code=2 error=End of file
